Arguments: 
  C:\Program Files\nodejs\node.exe C:\Program Files (x86)\Yarn\bin\yarn.js --ignore-engines

PATH: 
  C:\xampp\htdocs\libri_mastri\bombardelli_librimastri\node_modules\.bin;C:\Program Files\VanDyke Software\Clients\;C:\Program Files (x86)\Razer Chroma SDK\bin;C:\Program Files\Razer Chroma SDK\bin;C:\ProgramData\Oracle\Java\javapath;C:\WINDOWS\system32;C:\WINDOWS;C:\WINDOWS\System32\Wbem;C:\WINDOWS\System32\WindowsPowerShell\v1.0\;C:\Users\Asten\AppData\Roaming\nvm;C:\Python27\Scripts;C:\Users\Asten\AppData\Local\Microsoft\WindowsApps;C:\Users\Asten\AppData\Local\Yarn\bin;E:\scripts;C:\Program Files\TortoiseSVN\bin;C:\WINDOWS\System32\OpenSSH\;C:\ProgramData\chocolatey\bin;C:\Program Files\OpenSSH-Win64;C:\Program Files (x86)\CMake\bin;C:\Users\Asten\.dnx\bin;C:\Program Files\Microsoft DNX\Dnvm\;C:\Program Files\Microsoft SQL Server\120\Tools\Binn\;C:\Program Files\Microsoft SQL Server\130\Tools\Binn\;C:\Program Files (x86)\Windows Kits\10\Windows Performance Toolkit\;c:\Program Files (x86)\PDFtk\bin\;C:\Program Files (x86)\PDFtk Server\bin\;C:\Program Files\nodejs;C:\Program Files\Git\cmd;C:\Program Files (x86)\Infocert\DiKe 6\RAO;C:\tools\dart-sdk\bin\;C:\libre\App\libreoffice\program\;;C:\Program Files (x86)\EPSON\UPOSDriverForFiscal\OPOS;C:\Program Files (x86)\OPOS\Epson3\;C:\Program Files (x86)\Calibre2\;C:\Program Files (x86)\Microsoft SQL Server\150\DTS\Binn\;C:\Program Files\Microsoft SQL Server\Client SDK\ODBC\130\Tools\Binn\;C:\Program Files (x86)\Microsoft SQL Server\140\Tools\Binn\;C:\Program Files\Microsoft SQL Server\140\Tools\Binn\;C:\Program Files\Microsoft SQL Server\140\DTS\Binn\;C:\Program Files\PuTTY\;C:\WINDOWS\system32;C:\WINDOWS;C:\WINDOWS\System32\Wbem;C:\WINDOWS\System32\WindowsPowerShell\v1.0\;C:\WINDOWS\System32\OpenSSH\;C:\Program Files (x86)\Yarn\bin\;C:\Program Files\dotnet\;C:\Users\Asten\AppData\Local\Microsoft\WindowsApps;C:\Users\Asten\AppData\Roaming\nvm;E:\scripts;c:\Program Files (x86)\PDFtk\bin\;C:\Program Files\nodejs;C:\tools\dart-sdk\bin;C:\Users\Asten\AppData\Roaming\Pub\Cache\bin;C:\Users\Asten\AppData\Local\GitHubDesktop\bin;C:\Program Files (x86)\Midnight Commander;C:\redis;;C:\Users\Asten\AppData\Local\Microsoft\WindowsApps;C:\Users\Asten\AppData\Local\Yarn\bin

Yarn version: 
  1.22.5

Node version: 
  8.17.0

Platform: 
  win32 x64

Trace: 
  Error: EPERM: operation not permitted, unlink 'C:\xampp\htdocs\libri_mastri\bombardelli_librimastri\node_modules\node-sass\vendor\win32-x64-57\binding.node'

npm manifest: 
  {
    "name": "@adapter/common",
    "version": "0.1.3",
    "main": "src/index.js",
    "license": "MIT",
    "scripts": {
      "start": "set DEBUG=com:*&&node -r esm src",
      "common": "set DEBUG=com:*&&node -r esm src/sand",
      "plop": "plop -- --project common"
    },
    "dependencies": {
      "generate-password": "^1.5.1",
      "graphql-anywhere": "^4.2.6",
      "loglevel": "^1.6.8",
      "moment": "^2.24.0",
      "moment-range": "^4.0.2",
      "numeral": "^2.0.6",
      "short-uuid": "^3.1.1",
      "yup": "^0.28.4",
      "winston": "^3.2.1"
    }
  }

yarn manifest: 
  No manifest

Lockfile: 
  No lockfile
